<?xml version="1.0" encoding="UTF-8"?>
<testsuite xmlns:xsi="http://www.w3.org/2001/XMLSchema-instance" xsi:noNamespaceSchemaLocation="https://maven.apache.org/surefire/maven-surefire-plugin/xsd/surefire-test-report.xsd" version="3.0.1" name="fr.montpellier.m2gl.tp_ast.AppTest" time="0.084" tests="1" errors="0" skipped="0" failures="0">
  <properties>
    <property name="java.specification.version" value="17"/>
    <property name="sun.cpu.isalist" value="amd64"/>
    <property name="sun.jnu.encoding" value="Cp1252"/>
    <property name="java.class.path" value="C:\Users\Jihen\eclipse-workspace\tp_ast\target\test-classes;C:\Users\Jihen\eclipse-workspace\tp_ast\target\classes;C:\Users\Jihen\.m2\repository\org\junit\jupiter\junit-jupiter-api\5.11.0\junit-jupiter-api-5.11.0.jar;C:\Users\Jihen\.m2\repository\org\opentest4j\opentest4j\1.3.0\opentest4j-1.3.0.jar;C:\Users\Jihen\.m2\repository\org\junit\platform\junit-platform-commons\1.11.0\junit-platform-commons-1.11.0.jar;C:\Users\Jihen\.m2\repository\org\apiguardian\apiguardian-api\1.1.2\apiguardian-api-1.1.2.jar;C:\Users\Jihen\.m2\repository\org\eclipse\jdt\org.eclipse.jdt.core\3.32.0\org.eclipse.jdt.core-3.32.0.jar;C:\Users\Jihen\.m2\repository\org\eclipse\platform\org.eclipse.core.resources\3.18.100\org.eclipse.core.resources-3.18.100.jar;C:\Users\Jihen\.m2\repository\org\eclipse\platform\org.eclipse.core.expressions\3.8.200\org.eclipse.core.expressions-3.8.200.jar;C:\Users\Jihen\.m2\repository\org\eclipse\platform\org.eclipse.osgi\3.18.200\org.eclipse.osgi-3.18.200.jar;C:\Users\Jihen\.m2\repository\org\eclipse\platform\org.eclipse.core.runtime\3.26.100\org.eclipse.core.runtime-3.26.100.jar;C:\Users\Jihen\.m2\repository\org\eclipse\platform\org.eclipse.equinox.common\3.17.0\org.eclipse.equinox.common-3.17.0.jar;C:\Users\Jihen\.m2\repository\org\eclipse\platform\org.eclipse.core.jobs\3.13.200\org.eclipse.core.jobs-3.13.200.jar;C:\Users\Jihen\.m2\repository\org\eclipse\platform\org.eclipse.equinox.registry\3.11.200\org.eclipse.equinox.registry-3.11.200.jar;C:\Users\Jihen\.m2\repository\org\eclipse\platform\org.eclipse.equinox.preferences\3.10.100\org.eclipse.equinox.preferences-3.10.100.jar;C:\Users\Jihen\.m2\repository\org\osgi\org.osgi.service.prefs\1.1.2\org.osgi.service.prefs-1.1.2.jar;C:\Users\Jihen\.m2\repository\org\osgi\osgi.annotation\8.0.1\osgi.annotation-8.0.1.jar;C:\Users\Jihen\.m2\repository\org\eclipse\platform\org.eclipse.core.contenttype\3.8.200\org.eclipse.core.contenttype-3.8.200.jar;C:\Users\Jihen\.m2\repository\org\eclipse\platform\org.eclipse.equinox.app\1.6.200\org.eclipse.equinox.app-1.6.200.jar;C:\Users\Jihen\.m2\repository\org\eclipse\platform\org.eclipse.core.filesystem\1.9.500\org.eclipse.core.filesystem-1.9.500.jar;C:\Users\Jihen\.m2\repository\org\eclipse\platform\org.eclipse.text\3.12.300\org.eclipse.text-3.12.300.jar;C:\Users\Jihen\.m2\repository\org\eclipse\platform\org.eclipse.core.commands\3.10.300\org.eclipse.core.commands-3.10.300.jar;C:\Users\Jihen\.m2\repository\commons-io\commons-io\2.15.1\commons-io-2.15.1.jar;"/>
    <property name="java.vm.vendor" value="Eclipse Adoptium"/>
    <property name="sun.arch.data.model" value="64"/>
    <property name="user.variant" value=""/>
    <property name="java.vendor.url" value="https://adoptium.net/"/>
    <property name="user.timezone" value="Europe/Paris"/>
    <property name="user.country.format" value="TN"/>
    <property name="os.name" value="Windows 11"/>
    <property name="java.vm.specification.version" value="17"/>
    <property name="sun.java.launcher" value="SUN_STANDARD"/>
    <property name="user.country" value="FR"/>
    <property name="sun.boot.library.path" value="C:\Users\Jihen\.p2\pool\plugins\org.eclipse.justj.openjdk.hotspot.jre.full.win32.x86_64_17.0.8.v20230831-1047\jre\bin"/>
    <property name="sun.java.command" value="C:\Users\Jihen\AppData\Local\Temp\surefire1614869940552383423\surefirebooter-20251004133015005_3.jar C:\Users\Jihen\AppData\Local\Temp\surefire1614869940552383423 2025-10-04T13-30-14_608-jvmRun1 surefire-20251004133015005_1tmp surefire_0-20251004133015005_2tmp"/>
    <property name="jdk.debug" value="release"/>
    <property name="surefire.test.class.path" value="C:\Users\Jihen\eclipse-workspace\tp_ast\target\test-classes;C:\Users\Jihen\eclipse-workspace\tp_ast\target\classes;C:\Users\Jihen\.m2\repository\org\junit\jupiter\junit-jupiter-api\5.11.0\junit-jupiter-api-5.11.0.jar;C:\Users\Jihen\.m2\repository\org\opentest4j\opentest4j\1.3.0\opentest4j-1.3.0.jar;C:\Users\Jihen\.m2\repository\org\junit\platform\junit-platform-commons\1.11.0\junit-platform-commons-1.11.0.jar;C:\Users\Jihen\.m2\repository\org\apiguardian\apiguardian-api\1.1.2\apiguardian-api-1.1.2.jar;C:\Users\Jihen\.m2\repository\org\eclipse\jdt\org.eclipse.jdt.core\3.32.0\org.eclipse.jdt.core-3.32.0.jar;C:\Users\Jihen\.m2\repository\org\eclipse\platform\org.eclipse.core.resources\3.18.100\org.eclipse.core.resources-3.18.100.jar;C:\Users\Jihen\.m2\repository\org\eclipse\platform\org.eclipse.core.expressions\3.8.200\org.eclipse.core.expressions-3.8.200.jar;C:\Users\Jihen\.m2\repository\org\eclipse\platform\org.eclipse.osgi\3.18.200\org.eclipse.osgi-3.18.200.jar;C:\Users\Jihen\.m2\repository\org\eclipse\platform\org.eclipse.core.runtime\3.26.100\org.eclipse.core.runtime-3.26.100.jar;C:\Users\Jihen\.m2\repository\org\eclipse\platform\org.eclipse.equinox.common\3.17.0\org.eclipse.equinox.common-3.17.0.jar;C:\Users\Jihen\.m2\repository\org\eclipse\platform\org.eclipse.core.jobs\3.13.200\org.eclipse.core.jobs-3.13.200.jar;C:\Users\Jihen\.m2\repository\org\eclipse\platform\org.eclipse.equinox.registry\3.11.200\org.eclipse.equinox.registry-3.11.200.jar;C:\Users\Jihen\.m2\repository\org\eclipse\platform\org.eclipse.equinox.preferences\3.10.100\org.eclipse.equinox.preferences-3.10.100.jar;C:\Users\Jihen\.m2\repository\org\osgi\org.osgi.service.prefs\1.1.2\org.osgi.service.prefs-1.1.2.jar;C:\Users\Jihen\.m2\repository\org\osgi\osgi.annotation\8.0.1\osgi.annotation-8.0.1.jar;C:\Users\Jihen\.m2\repository\org\eclipse\platform\org.eclipse.core.contenttype\3.8.200\org.eclipse.core.contenttype-3.8.200.jar;C:\Users\Jihen\.m2\repository\org\eclipse\platform\org.eclipse.equinox.app\1.6.200\org.eclipse.equinox.app-1.6.200.jar;C:\Users\Jihen\.m2\repository\org\eclipse\platform\org.eclipse.core.filesystem\1.9.500\org.eclipse.core.filesystem-1.9.500.jar;C:\Users\Jihen\.m2\repository\org\eclipse\platform\org.eclipse.text\3.12.300\org.eclipse.text-3.12.300.jar;C:\Users\Jihen\.m2\repository\org\eclipse\platform\org.eclipse.core.commands\3.10.300\org.eclipse.core.commands-3.10.300.jar;C:\Users\Jihen\.m2\repository\commons-io\commons-io\2.15.1\commons-io-2.15.1.jar;"/>
    <property name="sun.cpu.endian" value="little"/>
    <property name="user.home" value="C:\Users\Jihen"/>
    <property name="user.language" value="fr"/>
    <property name="java.specification.vendor" value="Oracle Corporation"/>
    <property name="java.version.date" value="2023-08-24"/>
    <property name="java.home" value="C:\Users\Jihen\.p2\pool\plugins\org.eclipse.justj.openjdk.hotspot.jre.full.win32.x86_64_17.0.8.v20230831-1047\jre"/>
    <property name="file.separator" value="\"/>
    <property name="style.color" value="always"/>
    <property name="basedir" value="C:\Users\Jihen\eclipse-workspace\tp_ast"/>
    <property name="java.vm.compressedOopsMode" value="Zero based"/>
    <property name="line.separator" value="&#10;"/>
    <property name="java.vm.specification.vendor" value="Oracle Corporation"/>
    <property name="java.specification.name" value="Java Platform API Specification"/>
    <property name="surefire.real.class.path" value="C:\Users\Jihen\AppData\Local\Temp\surefire1614869940552383423\surefirebooter-20251004133015005_3.jar"/>
    <property name="user.script" value=""/>
    <property name="sun.management.compiler" value="HotSpot 64-Bit Tiered Compilers"/>
    <property name="java.runtime.version" value="17.0.8.1+1"/>
    <property name="user.name" value="Jihen"/>
    <property name="path.separator" value=";"/>
    <property name="os.version" value="10.0"/>
    <property name="java.runtime.name" value="OpenJDK Runtime Environment"/>
    <property name="file.encoding" value="Cp1252"/>
    <property name="java.vm.name" value="OpenJDK 64-Bit Server VM"/>
    <property name="java.vendor.version" value="Temurin-17.0.8.1+1"/>
    <property name="localRepository" value="C:\Users\Jihen\.m2\repository"/>
    <property name="java.vendor.url.bug" value="https://github.com/adoptium/adoptium-support/issues"/>
    <property name="java.io.tmpdir" value="C:\Users\Jihen\AppData\Local\Temp\"/>
    <property name="java.version" value="17.0.8.1"/>
    <property name="user.dir" value="C:\Users\Jihen\eclipse-workspace\tp_ast"/>
    <property name="os.arch" value="amd64"/>
    <property name="java.vm.specification.name" value="Java Virtual Machine Specification"/>
    <property name="sun.os.patch.level" value=""/>
    <property name="native.encoding" value="Cp1252"/>
    <property name="java.library.path" value="C:\Users\Jihen\.p2\pool\plugins\org.eclipse.justj.openjdk.hotspot.jre.full.win32.x86_64_17.0.8.v20230831-1047\jre\bin;C:\WINDOWS\Sun\Java\bin;C:\WINDOWS\system32;C:\WINDOWS;C:/Users/Jihen/.p2/pool/plugins/org.eclipse.justj.openjdk.hotspot.jre.full.win32.x86_64_17.0.8.v20230831-1047/jre/bin/server;C:/Users/Jihen/.p2/pool/plugins/org.eclipse.justj.openjdk.hotspot.jre.full.win32.x86_64_17.0.8.v20230831-1047/jre/bin;C:\Program Files\Java\jdk-21\bin;C:\Program Files (x86)\Common Files\Oracle\Java\javapath;C:\Program Files\Common Files\Oracle\Java\javapath;C:\Windows\system32;C:\Windows;C:\Users\Jihen\Downloads\mongodb-database-tools-windows-x86_64-100.6.1\mongodb-database-tools-windows-x86_64-100.6.1\bin;C:\Windows\System32\Wbem;C:\Windows\System32\WindowsPowerShell\v1.0\;C:\Windows\System32\OpenSSH\;C:\Program Files (x86)\NVIDIA Corporation\PhysX\Common;C:\Program Files\NVIDIA Corporation\NVIDIA NvDLISR;C:\ProgramData\chocolatey\bin;C:\WINDOWS\system32;C:\WINDOWS;C:\WINDOWS\System32\Wbem;C:\WINDOWS\System32\WindowsPowerShell\v1.0\;C:\WINDOWS\System32\OpenSSH\;C:\Program Files\dotnet\;C:\Program Files\Microsoft SQL Server\150\Tools\Binn\;C:\Program Files\Git\cmd;C:\Program Files\nodejs\;C:\Users\Jihen\AppData\Local\Microsoft\WindowsApps;C:\Users\Jihen\AppData\Local\Programs\Microsoft VS Code\bin;C:\Program Files\MongoDB\Server\6.0\bin;C:\Program Files\JetBrains\PyCharm Community Edition 2022.2.2\bin;;C:\Program Files\JetBrains\IntelliJ IDEA Community Edition 2022.3.2\bin;;C:\Users\Jihen\.dotnet\tools;C:\Program Files (x86)\Java\jdk1.8.0_202\bin;;C:\Users\Jihen\AppData\Local\JetBrains\IntelliJ IDEA 2024.2.1\bin;;C:\Users\Jihen\AppData\Roaming\npm;C:\WINDOWS\System32;;."/>
    <property name="java.vm.info" value="mixed mode"/>
    <property name="java.vendor" value="Eclipse Adoptium"/>
    <property name="java.vm.version" value="17.0.8.1+1"/>
    <property name="sun.io.unicode.encoding" value="UnicodeLittle"/>
    <property name="java.class.version" value="61.0"/>
  </properties>
  <testcase name="shouldAnswerWithTrue" classname="fr.montpellier.m2gl.tp_ast.AppTest" time="0.042"/>
</testsuite>